Sample12AS/app/buildxxx/intermediates/manifest_merge_blame_file/debug/manifest-merger-blame-debug-report.txt
1<?xml version="1.0" encoding="utf-8"?>
2<manifest xmlns:android="http://schemas.android.com/apk/res/android"
3    package="com.sccarbone.sample12"
4    android:versionCode="1"
5    android:versionName="1.0" >
6
7    <uses-sdk
8        android:minSdkVersion="30"
8-->src\main\AndroidManifest.xml
9        android:targetSdkVersion="31" />
9-->src\main\AndroidManifest.xml
10
11    <uses-permission android:name="android.permission.READ_EXTERNAL_STORAGE" />
11-->src\main\AndroidManifest.xml:5:5-80
11-->src\main\AndroidManifest.xml:5:22-77
12    <uses-permission android:name="android.permission.WRITE_EXTERNAL_STORAGE" />
12-->src\main\AndroidManifest.xml:6:5-81
12-->src\main\AndroidManifest.xml:6:22-78
13
14    <application
14-->src\main\AndroidManifest.xml:7:5-30:19
15        android:debuggable="true"
16        android:extractNativeLibs="false"
17        android:fullBackupContent=""
17-->src\main\AndroidManifest.xml:11:9-37
18        android:icon="@drawable/ic_launcher"
18-->src\main\AndroidManifest.xml:8:9-45
19        android:label="@string/app_name"
19-->src\main\AndroidManifest.xml:9:9-41
20        android:theme="@style/AppTheme" >
20-->src\main\AndroidManifest.xml:10:9-40
21        <activity
21-->src\main\AndroidManifest.xml:12:9-20:20
22            android:name="com.sccarbone.sample12.AddressConsole"
22-->src\main\AndroidManifest.xml:13:13-43
23            android:exported="true"
23-->src\main\AndroidManifest.xml:15:13-36
24            android:label="@string/title_activity_address_console" >
24-->src\main\AndroidManifest.xml:14:13-67
25            <intent-filter>
25-->src\main\AndroidManifest.xml:16:13-19:29
26                <action android:name="android.intent.action.MAIN" />
26-->src\main\AndroidManifest.xml:17:17-69
26-->src\main\AndroidManifest.xml:17:25-66
27
28                <category android:name="android.intent.category.LAUNCHER" />
28-->src\main\AndroidManifest.xml:18:17-77
28-->src\main\AndroidManifest.xml:18:27-74
29            </intent-filter>
30        </activity>
31        <activity
31-->src\main\AndroidManifest.xml:21:9-27:20
32            android:name="com.sccarbone.sample12.AddressEntry"
32-->src\main\AndroidManifest.xml:22:13-41
33            android:label="@string/title_activity_address_entry"
33-->src\main\AndroidManifest.xml:23:13-65
34            android:parentActivityName="com.sccarbone.sample12.@string/title_activity_address_console" >
34-->src\main\AndroidManifest.xml:23:66-133
35            <meta-data
35-->src\main\AndroidManifest.xml:24:13-26:73
36                android:name="android.support.PARENT_ACTIVITY"
36-->src\main\AndroidManifest.xml:25:17-63
37                android:value="com.sccarbone.sample12.AddressMessage" />
37-->src\main\AndroidManifest.xml:26:17-70
38        </activity>
39    </application>
40
41</manifest>